[{"line":1,"elements":[{"start_timestamp":"2022-07-19T01:27:06.571Z","before":[{"result":{"error_message":"java.lang.NoSuchMethodError: 'org.slf4j.impl.StaticLoggerBinder org.slf4j.impl.StaticLoggerBinder.getSingleton()'\r\n\tat org.slf4j.LoggerFactory.bind(LoggerFactory.java:150)\r\n\tat org.slf4j.LoggerFactory.performInitialization(LoggerFactory.java:124)\r\n\tat org.slf4j.LoggerFactory.getILoggerFactory(LoggerFactory.java:417)\r\n\tat org.slf4j.LoggerFactory.getLogger(LoggerFactory.java:362)\r\n\tat org.slf4j.LoggerFactory.getLogger(LoggerFactory.java:388)\r\n\tat org.asynchttpclient.DefaultAsyncHttpClient.<clinit>(DefaultAsyncHttpClient.java:49)\r\n\tat org.asynchttpclient.Dsl.asyncHttpClient(Dsl.java:32)\r\n\tat org.openqa.selenium.remote.http.netty.NettyClient.createHttpClient(NettyClient.java:93)\r\n\tat org.openqa.selenium.remote.http.netty.NettyClient.<clinit>(NettyClient.java:47)\r\n\tat org.openqa.selenium.remote.http.netty.NettyClient$Factory.createClient(NettyClient.java:134)\r\n\tat org.openqa.selenium.remote.HttpCommandExecutor.<init>(HttpCommandExecutor.java:107)\r\n\tat org.openqa.selenium.remote.HttpCommandExecutor.<init>(HttpCommandExecutor.java:94)\r\n\tat org.openqa.selenium.remote.HttpCommandExecutor.<init>(HttpCommandExecutor.java:85)\r\n\tat org.openqa.selenium.remote.service.DriverCommandExecutor.<init>(DriverCommandExecutor.java:80)\r\n\tat org.openqa.selenium.chromium.ChromiumDriverCommandExecutor.<init>(ChromiumDriverCommandExecutor.java:35)\r\n\tat org.openqa.selenium.chrome.ChromeDriver$ChromeDriverCommandExecutor.<init>(ChromeDriver.java:93)\r\n\tat org.openqa.selenium.chrome.ChromeDriver.<init>(ChromeDriver.java:81)\r\n\tat org.openqa.selenium.chrome.ChromeDriver.<init>(ChromeDriver.java:49)\r\n\tat stepsPackage.Steps.setUp(Steps.java:24)\r\n","duration":120001500,"status":"failed"},"match":{"location":"stepsPackage.Steps.setUp()"}}],"line":10,"name":"Login Successful","description":"","id":"login-functionality;login-successful;;2","after":[{"result":{"error_message":"java.lang.NullPointerException: Cannot invoke \"org.openqa.selenium.WebDriver.quit()\" because \"this.driver\" is null\r\n\tat stepsPackage.Steps.quitBrowser(Steps.java:57)\r\n","status":"failed"},"match":{"location":"stepsPackage.Steps.quitBrowser()"}}],"type":"scenario","keyword":"Scenario Outline","steps":[{"result":{"duration":1001300,"status":"skipped"},"line":4,"name":"I am in the login page of the Para Bank Application","match":{"location":"stepsPackage.Steps.i_am_in_the_login_page_of_the_para_bank_application()"},"keyword":"Given "},{"result":{"duration":1002000,"status":"skipped"},"line":5,"name":"I enter valid \"autotester\" and \"password\"","match":{"arguments":[{"val":"\"autotester\"","offset":14},{"val":"\"password\"","offset":31}],"location":"stepsPackage.Steps.i_enter_valid_credentials(java.lang.String,java.lang.String)"},"keyword":"When "},{"result":{"status":"skipped"},"line":6,"name":"I should be taken to the Overview page","match":{"location":"stepsPackage.Steps.i_should_be_taken_to_the_overview_page()"},"keyword":"Then "}]},{"start_timestamp":"2022-07-19T01:27:06.764Z","before":[{"result":{"error_message":"java.lang.NoClassDefFoundError: Could not initialize class org.openqa.selenium.remote.http.netty.NettyClient\r\n\tat org.openqa.selenium.remote.http.netty.NettyClient$Factory.createClient(NettyClient.java:134)\r\n\tat org.openqa.selenium.remote.HttpCommandExecutor.<init>(HttpCommandExecutor.java:107)\r\n\tat org.openqa.selenium.remote.HttpCommandExecutor.<init>(HttpCommandExecutor.java:94)\r\n\tat org.openqa.selenium.remote.HttpCommandExecutor.<init>(HttpCommandExecutor.java:85)\r\n\tat org.openqa.selenium.remote.service.DriverCommandExecutor.<init>(DriverCommandExecutor.java:80)\r\n\tat org.openqa.selenium.chromium.ChromiumDriverCommandExecutor.<init>(ChromiumDriverCommandExecutor.java:35)\r\n\tat org.openqa.selenium.chrome.ChromeDriver$ChromeDriverCommandExecutor.<init>(ChromeDriver.java:93)\r\n\tat org.openqa.selenium.chrome.ChromeDriver.<init>(ChromeDriver.java:81)\r\n\tat org.openqa.selenium.chrome.ChromeDriver.<init>(ChromeDriver.java:49)\r\n\tat stepsPackage.Steps.setUp(Steps.java:24)\r\n","duration":9003400,"status":"failed"},"match":{"location":"stepsPackage.Steps.setUp()"}}],"line":11,"name":"Login Successful","description":"","id":"login-functionality;login-successful;;3","after":[{"result":{"error_message":"java.lang.NullPointerException: Cannot invoke \"org.openqa.selenium.WebDriver.quit()\" because \"this.driver\" is null\r\n\tat stepsPackage.Steps.quitBrowser(Steps.java:57)\r\n","status":"failed"},"match":{"location":"stepsPackage.Steps.quitBrowser()"}}],"type":"scenario","keyword":"Scenario Outline","steps":[{"result":{"status":"skipped"},"line":4,"name":"I am in the login page of the Para Bank Application","match":{"location":"stepsPackage.Steps.i_am_in_the_login_page_of_the_para_bank_application()"},"keyword":"Given "},{"result":{"status":"skipped"},"line":5,"name":"I enter valid \"tautester\" and \"password\"","match":{"arguments":[{"val":"\"tautester\"","offset":14},{"val":"\"password\"","offset":30}],"location":"stepsPackage.Steps.i_enter_valid_credentials(java.lang.String,java.lang.String)"},"keyword":"When "},{"result":{"status":"skipped"},"line":6,"name":"I should be taken to the Overview page","match":{"location":"stepsPackage.Steps.i_should_be_taken_to_the_overview_page()"},"keyword":"Then "}]}],"name":"Login Functionality","description":"","id":"login-functionality","keyword":"Feature","uri":"file:src/test/resources/Login.feature","tags":[]}]